-------------------------------------------------------------------------------
Test set: pl.piomin.services.elasticsearch.EmployeeRepositoryPerformanceTest
-------------------------------------------------------------------------------
Tests run: 3, Failures: 0, Errors: 3, Skipped: 0, Time elapsed: 0.957 s <<< FAILURE! - in pl.piomin.services.elasticsearch.EmployeeRepositoryPerformanceTest
addTest  Time elapsed: 0.287 s  <<< ERROR!
org.apache.http.conn.HttpHostConnectException: Connect to localhost:8080 [localhost/127.0.0.1, localhost/0:0:0:0:0:0:0:1] failed: Connection refused
	at pl.piomin.services.elasticsearch.EmployeeRepositoryPerformanceTest.addTest(EmployeeRepositoryPerformanceTest.java:38)
Caused by: java.net.ConnectException: Connection refused
	at pl.piomin.services.elasticsearch.EmployeeRepositoryPerformanceTest.addTest(EmployeeRepositoryPerformanceTest.java:38)

findByNameTest  Time elapsed: 0.06 s  <<< ERROR!
org.apache.http.conn.HttpHostConnectException: Connect to localhost:8080 [localhost/127.0.0.1, localhost/0:0:0:0:0:0:0:1] failed: Connection refused
	at pl.piomin.services.elasticsearch.EmployeeRepositoryPerformanceTest.findByNameTest(EmployeeRepositoryPerformanceTest.java:47)
Caused by: java.net.ConnectException: Connection refused
	at pl.piomin.services.elasticsearch.EmployeeRepositoryPerformanceTest.findByNameTest(EmployeeRepositoryPerformanceTest.java:47)

findByOrganizationNameTest  Time elapsed: 0.093 s  <<< ERROR!
org.apache.http.conn.HttpHostConnectException: Connect to localhost:8080 [localhost/127.0.0.1, localhost/0:0:0:0:0:0:0:1] failed: Connection refused
	at pl.piomin.services.elasticsearch.EmployeeRepositoryPerformanceTest.findByOrganizationNameTest(EmployeeRepositoryPerformanceTest.java:56)
Caused by: java.net.ConnectException: Connection refused
	at pl.piomin.services.elasticsearch.EmployeeRepositoryPerformanceTest.findByOrganizationNameTest(EmployeeRepositoryPerformanceTest.java:56)

