<?xml version="1.0" encoding="UTF-8"?>
<testsuite xmlns:xsi="http://www.w3.org/2001/XMLSchema-instance" xsi:noNamespaceSchemaLocation="https://maven.apache.org/surefire/maven-surefire-plugin/xsd/surefire-test-report.xsd" name="pl.piomin.services.elasticsearch.EmployeeRepositoryTest" time="4.133" tests="1" errors="1" skipped="0" failures="0">
  <properties>
[...]
</properties>
  <testcase name="pl.piomin.services.elasticsearch.EmployeeRepositoryTest" classname="pl.piomin.services.elasticsearch.EmployeeRepositoryTest" time="4.132">
    <error type="java.lang.ExceptionInInitializerError"><![CDATA[java.lang.ExceptionInInitializerError
	at pl.piomin.services.elasticsearch.EmployeeRepositoryTest.<clinit>(EmployeeRepositoryTest.java:23)
]]></error>
    <system-out><![CDATA[2021-01-10 17:42:52.339  INFO   --- [           main] o.t.d.UnixSocketClientProviderStrategy   : Accessing docker with local Unix socket
2021-01-10 17:42:52.340  INFO   --- [           main] o.t.d.DockerClientProviderStrategy       : Found Docker environment with local Unix socket (unix:///var/run/docker.sock)
2021-01-10 17:42:53.360  INFO   --- [           main] org.testcontainers.DockerClientFactory   : Docker host IP address is localhost
2021-01-10 17:42:53.546  INFO   --- [           main] org.testcontainers.DockerClientFactory   : Connected to docker: 
  Server Version: 20.10.2
  API Version: 1.41
  Operating System: Docker Desktop
  Total Memory: 1988 MB
2021-01-10 17:42:54.804  INFO   --- [           main] o.t.utility.RegistryAuthLocator          : Credential helper/store (docker-credential-desktop) does not have credentials for quay.io
]]></system-out>
  </testcase>
</testsuite>